{
  "RSpec": {
    "coverage": {
      "/Users/student/Documents/Coding/Github Projects/bank_tech_test/spec/bank_tech_test_spec.rb": [
        1,
        1,
        null,
        1,
        null,
        1,
        10,
        null,
        null,
        1,
        1,
        null,
        null,
        1,
        1,
        1,
        null,
        null,
        1,
        1,
        1,
        null,
        null,
        1,
        1,
        1,
        1,
        1,
        null,
        null,
        1,
        1,
        null,
        null,
        1,
        1,
        null,
        null,
        1,
        1,
        null,
        null,
        1,
        1,
        null,
        null,
        1,
        1,
        1,
        1,
        null,
        null,
        1,
        1,
        1,
        1,
        1,
        null,
        null
      ],
      "/Users/student/Documents/Coding/Github Projects/bank_tech_test/lib/bank_tech_test.rb": [
        1,
        null,
        1,
        10,
        10,
        null,
        null,
        1,
        13,
        13,
        null,
        null,
        1,
        5,
        5,
        null,
        null,
        1,
        2,
        null,
        null,
        1,
        null,
        1,
        18,
        null,
        null,
        1,
        18,
        null,
        5,
        null,
        null,
        null
      ],
      "/Users/student/Documents/Coding/Github Projects/bank_tech_test/spec/web_helpers.rb": [
        1,
        9,
        null
      ]
    },
    "timestamp": 1576697611
  }
}
